<?xml version="1.0" encoding="UTF-8"?>
<!-- Generated by org.testng.reporters.JUnitReportReporter -->
<testsuite skipped="0" hostname="DESKTOP-096CPVM" name="com.training.sanity.tests.AddNewTag" tests="2" failures="0" timestamp="2020-01-31T11:42:44 IST" time="58.194" errors="0">
  <testcase name="validLoginTest" time="14.249" classname="com.training.sanity.tests.AddNewTag"/>
  <testcase name="addNewCategory" time="43.945" classname="com.training.sanity.tests.AddNewTag"/>
</testsuite> <!-- com.training.sanity.tests.AddNewTag -->
