<?xml version="1.0" encoding="UTF-8"?>
<!-- Generated by org.testng.reporters.JUnitReportReporter -->
<testsuite skipped="0" hostname="DESKTOP-096CPVM" name="com.training.sanity.tests.McreateFeature" tests="2" failures="0" timestamp="2020-02-06T18:56:24 IST" time="89.331" errors="0">
  <testcase name="validLoginTest" time="15.256" classname="com.training.sanity.tests.McreateFeature"/>
  <testcase name="publishNewFeature" time="74.075" classname="com.training.sanity.tests.McreateFeature"/>
</testsuite> <!-- com.training.sanity.tests.McreateFeature -->
