<?xml version="1.0" encoding="UTF-8"?>
<!-- Generated by org.testng.reporters.JUnitReportReporter -->
<testsuite skipped="0" hostname="DESKTOP-096CPVM" name="com.training.sanity.tests.McreateProperty" tests="2" failures="0" timestamp="2020-02-03T10:55:15 IST" time="48.607" errors="0">
  <testcase name="validLoginTest" time="11.894" classname="com.training.sanity.tests.McreateProperty"/>
  <testcase name="publishNewPost" time="36.713" classname="com.training.sanity.tests.McreateProperty"/>
</testsuite> <!-- com.training.sanity.tests.McreateProperty -->
