<?xml version="1.0" encoding="UTF-8"?>
<!-- Generated by org.testng.reporters.JUnitReportReporter -->
<testsuite skipped="0" hostname="DESKTOP-096CPVM" name="com.training.sanity.tests.AddPostToTrash" tests="2" failures="0" timestamp="2020-01-31T13:05:37 IST" time="50.314" errors="0">
  <testcase name="validLoginTest" time="10.282" classname="com.training.sanity.tests.AddPostToTrash"/>
  <testcase name="movePostToTrash" time="40.032" classname="com.training.sanity.tests.AddPostToTrash"/>
</testsuite> <!-- com.training.sanity.tests.AddPostToTrash -->
