<?xml version="1.0" encoding="UTF-8"?>
<!-- Generated by org.testng.reporters.JUnitReportReporter -->
<testsuite skipped="0" hostname="DESKTOP-096CPVM" name="com.training.sanity.tests.DelCatTest" tests="2" failures="0" timestamp="2020-01-31T11:06:55 IST" time="53.314" errors="0">
  <testcase name="validLoginTest" time="7.830" classname="com.training.sanity.tests.DelCatTest"/>
  <testcase name="DeleteNewCategory" time="45.484" classname="com.training.sanity.tests.DelCatTest"/>
</testsuite> <!-- com.training.sanity.tests.DelCatTest -->
