<?xml version="1.0" encoding="UTF-8"?>
<!-- Generated by org.testng.reporters.JUnitReportReporter -->
<testsuite skipped="0" hostname="DESKTOP-096CPVM" name="com.training.regression.tests.TC067UserDetails" tests="2" failures="0" timestamp="2020-02-16T22:45:26 IST" time="314.829" errors="0">
  <testcase name="UserDetailsTest" time="150.603" classname="com.training.regression.tests.TC067UserDetails"/>
  <testcase name="UserDetailsTest" time="164.226" classname="com.training.regression.tests.TC067UserDetails"/>
</testsuite> <!-- com.training.regression.tests.TC067UserDetails -->
