<?xml version="1.0" encoding="UTF-8"?>
<!-- Generated by org.testng.reporters.JUnitReportReporter -->
<testsuite skipped="0" hostname="DESKTOP-096CPVM" name="com.training.regression.tests.LoginExcelTest" tests="2" failures="0" timestamp="2020-02-09T11:35:30 IST" time="347.336" errors="0">
  <testcase name="loginDBTest" time="213.328" classname="com.training.regression.tests.LoginExcelTest"/>
  <testcase name="loginDBTest" time="134.008" classname="com.training.regression.tests.LoginExcelTest"/>
</testsuite> <!-- com.training.regression.tests.LoginExcelTest -->
