<?xml version="1.0" encoding="UTF-8"?>
<!-- Generated by org.testng.reporters.JUnitReportReporter -->
<testsuite skipped="0" hostname="DESKTOP-096CPVM" name="com.training.sanity.tests.MmovetoTrash" tests="2" failures="0" timestamp="2020-02-09T00:41:24 IST" time="34.092" errors="0">
  <testcase name="validLoginTest" time="9.130" classname="com.training.sanity.tests.MmovetoTrash"/>
  <testcase name="MoveToTrshProperty" time="24.962" classname="com.training.sanity.tests.MmovetoTrash"/>
</testsuite> <!-- com.training.sanity.tests.MmovetoTrash -->
