<?xml version="1.0" encoding="UTF-8"?>
<!-- Generated by org.testng.reporters.JUnitReportReporter -->
<testsuite skipped="0" hostname="DESKTOP-096CPVM" name="com.training.sanity.tests.PublishPostTc02" tests="2" failures="0" timestamp="2020-01-31T13:02:32 IST" time="96.026" errors="0">
  <testcase name="validLoginTest" time="8.519" classname="com.training.sanity.tests.PublishPostTc02"/>
  <testcase name="publishNewPost" time="87.507" classname="com.training.sanity.tests.PublishPostTc02"/>
</testsuite> <!-- com.training.sanity.tests.PublishPostTc02 -->
