<?xml version="1.0" encoding="UTF-8"?>
<!-- Generated by org.testng.reporters.JUnitReportReporter -->
<testsuite skipped="0" hostname="DESKTOP-096CPVM" name="com.training.sanity.tests.AddNewCategory" tests="2" failures="0" timestamp="2020-01-31T11:36:44 IST" time="47.617" errors="0">
  <testcase name="validLoginTest" time="8.031" classname="com.training.sanity.tests.AddNewCategory"/>
  <testcase name="addNewCategory" time="39.586" classname="com.training.sanity.tests.AddNewCategory"/>
</testsuite> <!-- com.training.sanity.tests.AddNewCategory -->
