<?xml version="1.0" encoding="UTF-8"?>
<!-- Generated by org.testng.reporters.JUnitReportReporter -->
<testsuite skipped="0" hostname="DESKTOP-096CPVM" name="com.training.regression.tests.LoginDBTest" tests="1" failures="0" timestamp="2020-02-10T14:31:50 IST" time="99.663" errors="0">
  <testcase name="loginDBTest" time="99.663" classname="com.training.regression.tests.LoginDBTest"/>
</testsuite> <!-- com.training.regression.tests.LoginDBTest -->
