<?xml version="1.0" encoding="UTF-8"?>
<!-- Generated by org.testng.reporters.JUnitReportReporter -->
<testsuite skipped="0" hostname="DESKTOP-096CPVM" name="com.training.sanity.tests.McreateComment" tests="2" failures="0" timestamp="2020-02-09T14:52:14 IST" time="121.991" errors="0">
  <testcase name="publishNewComment" time="71.310" classname="com.training.sanity.tests.McreateComment"/>
  <testcase name="loginadmin" time="50.681" classname="com.training.sanity.tests.McreateComment"/>
</testsuite> <!-- com.training.sanity.tests.McreateComment -->
