<?xml version="1.0" encoding="UTF-8"?>
<!-- Generated by org.testng.reporters.JUnitReportReporter -->
<testsuite skipped="0" hostname="DESKTOP-096CPVM" name="com.training.regression.tests.TC068LoanDetails" tests="3" failures="0" timestamp="2020-02-10T07:08:25 IST" time="191.896" errors="0">
  <testcase name="loanDetailsTest" time="83.060" classname="com.training.regression.tests.TC068LoanDetails"/>
  <testcase name="loanDetailsTest" time="53.991" classname="com.training.regression.tests.TC068LoanDetails"/>
  <testcase name="loanDetailsTest" time="54.845" classname="com.training.regression.tests.TC068LoanDetails"/>
</testsuite> <!-- com.training.regression.tests.TC068LoanDetails -->
